Practica 1/Library/Bee/Android/Prj/IL2CPP/Gradle/launcher/build/intermediates/manifest_merge_blame_file/release/manifest-merger-blame-release-report.txt
1<?xml version="1.0" encoding="utf-8"?>
2<manifest xmlns:android="http://schemas.android.com/apk/res/android"
3    package="com.unam.Practica1_VR"
4    android:installLocation="auto"
5    android:versionCode="1"
6    android:versionName="0.1" >
7
8    <uses-sdk
9        android:minSdkVersion="32"
9-->src/main/AndroidManifest.xml
10        android:targetSdkVersion="32" />
10-->src/main/AndroidManifest.xml
11
12    <supports-screens
12-->src/main/AndroidManifest.xml:4:3-163
13        android:anyDensity="true"
13-->src/main/AndroidManifest.xml:4:135-160
14        android:largeScreens="true"
14-->src/main/AndroidManifest.xml:4:78-105
15        android:normalScreens="true"
15-->src/main/AndroidManifest.xml:4:49-77
16        android:smallScreens="true"
16-->src/main/AndroidManifest.xml:4:21-48
17        android:xlargeScreens="true" />
17-->src/main/AndroidManifest.xml:4:106-134
18
19    <uses-permission android:name="android.permission.INTERNET" />
19-->[:unityLibrary] AndroidManifest.xml:9:5-67
19-->[:unityLibrary] AndroidManifest.xml:9:22-64
20
21    <uses-feature
21-->[:unityLibrary] AndroidManifest.xml:11:5-14:31
22        android:name="android.hardware.vr.headtracking"
22-->[:unityLibrary] AndroidManifest.xml:12:9-56
23        android:required="true"
23-->[:unityLibrary] AndroidManifest.xml:13:9-32
24        android:version="1" />
24-->[:unityLibrary] AndroidManifest.xml:14:9-28
25    <uses-feature
25-->[:unityLibrary] AndroidManifest.xml:15:5-17:35
26        android:name="android.hardware.vulkan.version"
26-->[:unityLibrary] AndroidManifest.xml:16:9-55
27        android:required="true" />
27-->[:unityLibrary] AndroidManifest.xml:17:9-32
28    <uses-feature
28-->[:unityLibrary] AndroidManifest.xml:18:5-20:36
29        android:name="android.hardware.touchscreen"
29-->[:unityLibrary] AndroidManifest.xml:19:9-52
30        android:required="false" />
30-->[:unityLibrary] AndroidManifest.xml:20:9-33
31    <uses-feature
31-->[:unityLibrary] AndroidManifest.xml:21:5-23:36
32        android:name="android.hardware.touchscreen.multitouch"
32-->[:unityLibrary] AndroidManifest.xml:22:9-63
33        android:required="false" />
33-->[:unityLibrary] AndroidManifest.xml:23:9-33
34    <uses-feature
34-->[:unityLibrary] AndroidManifest.xml:24:5-26:36
35        android:name="android.hardware.touchscreen.multitouch.distinct"
35-->[:unityLibrary] AndroidManifest.xml:25:9-72
36        android:required="false" />
36-->[:unityLibrary] AndroidManifest.xml:26:9-33
37    <uses-feature
37-->[:unityLibrary] AndroidManifest.xml:27:5-29:36
38        android:name="oculus.software.handtracking"
38-->[:unityLibrary] AndroidManifest.xml:28:9-52
39        android:required="false" />
39-->[:unityLibrary] AndroidManifest.xml:29:9-33
40
41    <uses-permission android:name="com.oculus.permission.HAND_TRACKING" />
41-->[:unityLibrary] AndroidManifest.xml:31:5-75
41-->[:unityLibrary] AndroidManifest.xml:31:22-72
42    <uses-permission android:name="com.oculus.permission.USE_ANCHOR_API" />
42-->[:unityLibrary] AndroidManifest.xml:32:5-76
42-->[:unityLibrary] AndroidManifest.xml:32:22-73
43    <uses-permission android:name="com.oculus.permission.USE_SCENE" />
43-->[:unityLibrary] AndroidManifest.xml:33:5-71
43-->[:unityLibrary] AndroidManifest.xml:33:22-68
44
45    <application
45-->src/main/AndroidManifest.xml:3:3-83
46        android:allowBackup="false"
46-->[:unityLibrary] AndroidManifest.xml:36:9-36
47        android:extractNativeLibs="true"
47-->[:unityLibrary] AndroidManifest.xml:37:9-41
48        android:icon="@mipmap/app_icon"
48-->src/main/AndroidManifest.xml:3:49-80
49        android:label="@string/app_name"
49-->src/main/AndroidManifest.xml:3:16-48
50        android:networkSecurityConfig="@xml/network_sec_config" >
50-->[:unityLibrary] AndroidManifest.xml:40:9-64
51        <meta-data
51-->[:unityLibrary] AndroidManifest.xml:41:9-43:37
52            android:name="unityplayer.SkipPermissionsDialog"
52-->[:unityLibrary] AndroidManifest.xml:42:13-61
53            android:value="false" />
53-->[:unityLibrary] AndroidManifest.xml:43:13-34
54        <meta-data
54-->[:unityLibrary] AndroidManifest.xml:44:9-46:37
55            android:name="com.oculus.ossplash.background"
55-->[:unityLibrary] AndroidManifest.xml:45:13-58
56            android:value="black" />
56-->[:unityLibrary] AndroidManifest.xml:46:13-34
57        <meta-data
57-->[:unityLibrary] AndroidManifest.xml:47:9-49:68
58            android:name="com.oculus.telemetry.project_guid"
58-->[:unityLibrary] AndroidManifest.xml:48:13-61
59            android:value="69e3f7e3-f5ed-479b-ad15-4f346f54fd2b" />
59-->[:unityLibrary] AndroidManifest.xml:49:13-65
60        <meta-data
60-->[:unityLibrary] AndroidManifest.xml:50:9-52:62
61            android:name="com.oculus.supportedDevices"
61-->[:unityLibrary] AndroidManifest.xml:51:13-55
62            android:value="quest2|questpro|quest3|quest3s" />
62-->[:unityLibrary] AndroidManifest.xml:52:13-59
63        <meta-data
63-->[:unityLibrary] AndroidManifest.xml:53:9-55:33
64            android:name="unity.splash-mode"
64-->[:unityLibrary] AndroidManifest.xml:54:13-45
65            android:value="0" />
65-->[:unityLibrary] AndroidManifest.xml:55:13-30
66        <meta-data
66-->[:unityLibrary] AndroidManifest.xml:56:9-58:36
67            android:name="unity.splash-enable"
67-->[:unityLibrary] AndroidManifest.xml:57:13-47
68            android:value="True" />
68-->[:unityLibrary] AndroidManifest.xml:58:13-33
69        <meta-data
69-->[:unityLibrary] AndroidManifest.xml:59:9-61:36
70            android:name="unity.launch-fullscreen"
70-->[:unityLibrary] AndroidManifest.xml:60:13-51
71            android:value="True" />
71-->[:unityLibrary] AndroidManifest.xml:61:13-33
72        <meta-data
72-->[:unityLibrary] AndroidManifest.xml:62:9-64:36
73            android:name="unity.render-outside-safearea"
73-->[:unityLibrary] AndroidManifest.xml:63:13-57
74            android:value="True" />
74-->[:unityLibrary] AndroidManifest.xml:64:13-33
75        <meta-data
75-->[:unityLibrary] AndroidManifest.xml:65:9-67:50
76            android:name="notch.config"
76-->[:unityLibrary] AndroidManifest.xml:66:13-40
77            android:value="portrait|landscape" />
77-->[:unityLibrary] AndroidManifest.xml:67:13-47
78        <meta-data
78-->[:unityLibrary] AndroidManifest.xml:68:9-70:36
79            android:name="unity.auto-report-fully-drawn"
79-->[:unityLibrary] AndroidManifest.xml:69:13-57
80            android:value="true" />
80-->[:unityLibrary] AndroidManifest.xml:70:13-33
81
82        <activity
82-->[:unityLibrary] AndroidManifest.xml:72:9-95:20
83            android:name="com.unity3d.player.UnityPlayerActivity"
83-->[:unityLibrary] AndroidManifest.xml:73:13-66
84            android:configChanges="keyboard|keyboardHidden|navigation|orientation|screenLayout|screenSize|uiMode|density"
84-->[:unityLibrary] AndroidManifest.xml:74:13-122
85            android:excludeFromRecents="true"
85-->[:unityLibrary] AndroidManifest.xml:75:13-46
86            android:exported="true"
86-->[:unityLibrary] AndroidManifest.xml:76:13-36
87            android:hardwareAccelerated="false"
87-->[:unityLibrary] AndroidManifest.xml:77:13-48
88            android:launchMode="singleTask"
88-->[:unityLibrary] AndroidManifest.xml:78:13-44
89            android:resizeableActivity="false"
89-->[:unityLibrary] AndroidManifest.xml:79:13-47
90            android:screenOrientation="landscape"
90-->[:unityLibrary] AndroidManifest.xml:80:13-50
91            android:theme="@android:style/Theme.Black.NoTitleBar.Fullscreen" >
91-->[:unityLibrary] AndroidManifest.xml:81:13-77
92            <intent-filter>
92-->[:unityLibrary] AndroidManifest.xml:82:13-87:29
93                <category android:name="android.intent.category.LAUNCHER" />
93-->[:unityLibrary] AndroidManifest.xml:83:17-77
93-->[:unityLibrary] AndroidManifest.xml:83:27-74
94                <category android:name="com.oculus.intent.category.VR" />
94-->[:unityLibrary] AndroidManifest.xml:84:17-74
94-->[:unityLibrary] AndroidManifest.xml:84:27-71
95
96                <action android:name="android.intent.action.MAIN" />
96-->[:unityLibrary] AndroidManifest.xml:86:17-69
96-->[:unityLibrary] AndroidManifest.xml:86:25-66
97            </intent-filter>
98
99            <meta-data
99-->[:unityLibrary] AndroidManifest.xml:89:13-91:40
100                android:name="com.oculus.vr.focusaware"
100-->[:unityLibrary] AndroidManifest.xml:90:17-56
101                android:value="true" />
101-->[:unityLibrary] AndroidManifest.xml:91:17-37
102            <meta-data
102-->[:unityLibrary] AndroidManifest.xml:92:13-94:40
103                android:name="notch_support"
103-->[:unityLibrary] AndroidManifest.xml:93:17-45
104                android:value="true" />
104-->[:unityLibrary] AndroidManifest.xml:94:17-37
105        </activity>
106
107        <meta-data
107-->[:unityLibrary] AndroidManifest.xml:97:9-99:39
108            android:name="com.samsung.android.vr.application.mode"
108-->[:unityLibrary] AndroidManifest.xml:98:13-67
109            android:value="vr_only" />
109-->[:unityLibrary] AndroidManifest.xml:99:13-36
110        <meta-data
110-->[:unityLibrary] AndroidManifest.xml:100:9-102:37
111            android:name="com.unity.xr.oculus.LowOverheadMode"
111-->[:unityLibrary] AndroidManifest.xml:101:13-63
112            android:value="false" />
112-->[:unityLibrary] AndroidManifest.xml:102:13-34
113        <meta-data
113-->[:unityLibrary] AndroidManifest.xml:103:9-105:37
114            android:name="com.unity.xr.oculus.LateLatching"
114-->[:unityLibrary] AndroidManifest.xml:104:13-60
115            android:value="false" />
115-->[:unityLibrary] AndroidManifest.xml:105:13-34
116        <meta-data
116-->[:unityLibrary] AndroidManifest.xml:106:9-108:37
117            android:name="com.unity.xr.oculus.LateLatchingDebug"
117-->[:unityLibrary] AndroidManifest.xml:107:13-65
118            android:value="false" />
118-->[:unityLibrary] AndroidManifest.xml:108:13-34
119        <meta-data
119-->[:unityLibrary] AndroidManifest.xml:109:9-111:35
120            android:name="com.oculus.handtracking.frequency"
120-->[:unityLibrary] AndroidManifest.xml:110:13-61
121            android:value="LOW" />
121-->[:unityLibrary] AndroidManifest.xml:111:13-32
122    </application>
123
124</manifest>